<?xml version="1.0" encoding="UTF-8"?>
<!-- Generated by org.testng.reporters.JUnitXMLReporter -->
<testsuite hostname="sha-lri-pc-256" ignored="0" name="Test1" tests="7" failures="0" timestamp="18 Jan 2018 08:09:12 GMT" time="0.034" errors="0">
  <testcase name="testDataDriven" time="0.006" classname="com.test.TestNG.TestDataDriven"/>
  <testcase name="testDataDriven" time="0.0" classname="com.test.TestNG.TestDataDriven"/>
  <testcase name="testDataDriven" time="0.001" classname="com.test.TestNG.TestDataDriven"/>
  <testcase name="testDataDriven2" time="0.0" classname="com.test.TestNG.TestDataDriven"/>
  <testcase name="testDataDriven2" time="0.001" classname="com.test.TestNG.TestDataDriven"/>
  <testcase name="testDataDriven2" time="0.001" classname="com.test.TestNG.TestDataDriven"/>
  <testcase name="testMethod" time="0.001" classname="com.test.TestNG.TestTestNG"/>
</testsuite> <!-- Test1 -->
